<?xml version="1.0" encoding="UTF-8"?>
<!-- Generated by org.testng.reporters.JUnitXMLReporter -->
<testsuite hostname="DESKTOP-4I73VKF" ignored="1" name="TestNGTest2" tests="4" failures="0" timestamp="2020-07-09T23:35:09 IST" time="0.079" errors="0">
  <testcase name="test1m1" time="0.008" classname="org.trial.test.Test1"/>
  <testcase name="test1m2" time="0.01" classname="org.trial.test.Test1"/>
  <testcase name="test2m2" time="0.016" classname="org.trial.test.Test2"/>
  <testcase name="test2m1" time="0.018" classname="org.trial.test.Test2"/>
  <testcase name="@BeforeTest b4Test" time="0.0" classname="org.init.setup.JAFBase">
    <ignored/>
  </testcase> <!-- @BeforeTest b4Test -->
</testsuite> <!-- TestNGTest2 -->
