<?xml version="1.0" encoding="UTF-8"?>
<!-- Generated by org.testng.reporters.JUnitXMLReporter -->
<testsuite hostname="DESKTOP-4I73VKF" ignored="0" name="Test1" tests="3" failures="0" timestamp="2020-07-18T13:54:28 IST" time="16.224" errors="0">
  <testcase name="validate_Two_Input_Fields_test" time="1.583" classname="com.web.seleniumEasy.test.Simple_Form_test"/>
  <testcase name="validate_simple_input_form" time="0.951" classname="com.web.seleniumEasy.test.Simple_Form_test"/>
  <testcase name="validate_simple_input_form" time="6.128" classname="com.web.seleniumEasy.test.Input_Form_test"/>
</testsuite> <!-- Test1 -->
