<?xml version="1.0" encoding="UTF-8"?>
<!-- Generated by org.testng.reporters.JUnitXMLReporter -->
<testsuite hostname="DESKTOP-4I73VKF" ignored="0" name="Test2" tests="3" failures="0" timestamp="2020-07-18T13:54:34 IST" time="22.133" errors="0">
  <testcase name="validate_simple_input_form" time="1.576" classname="com.web.seleniumEasy.test.Input_Form_test"/>
  <testcase name="validate_Two_Input_Fields_test" time="0.495" classname="com.web.seleniumEasy.test.Simple_Form_test"/>
  <testcase name="validate_simple_input_form" time="0.355" classname="com.web.seleniumEasy.test.Simple_Form_test"/>
</testsuite> <!-- Test2 -->
